icc/2018.3.222 unloaded 
ifort/2018.3.222 unloaded 
intel/2018.3.222 unloaded 
impi/2018.3.222 unloaded 
icc/2018.3.222 loaded 
ifort/2018.3.222 loaded 
intel/2018.3.222 loaded 
impi/2018.3.222 loaded 
impi/2018.3.222 unloaded 
impi/2018.3.222 loaded 
mkl/11.3 unloaded 
mkl/11.3 loaded 
rm dgesv
icc -lmkl -lmkl_core -lmkl_intel_lp64 -lmkl_sequential -g -p -fopenmp -Ofast -march=native -o dgesv dgesvfree.c
echo "Small test"
Small test
./dgesv 2048
Time taken by MKL: 0.65s
Time taken by my implementation: 3.74s
Result is ok!
echo "Medium test"
Medium test
./dgesv 4096
Time taken by MKL: 5.10s
Time taken by my implementation: 41.84s
Result is ok!
echo "Large test"
Large test
./dgesv 8192
Time taken by MKL: 38.40s
Time taken by my implementation: 424.97s
Result is ok!
